<?xml version="1.0" encoding="UTF-8"?>
<!-- Generated by org.testng.reporters.JUnitReportReporter -->
<testsuite hostname="Samim" failures="0" tests="3" name="TestCases.LoginModel" time="55.366" errors="0" timestamp="2023-07-26T09:01:32 IST" skipped="0">
  <testcase classname="TestCases.LoginModel" name="Tclogin1" time="10.175"/>
  <testcase classname="TestCases.LoginModel" name="Tclogin2" time="36.450"/>
  <testcase classname="TestCases.LoginModel" name="Tclogin3" time="8.741"/>
</testsuite> <!-- TestCases.LoginModel -->
